INFO Watching for file changes with StatReloader 2021-02-11 18:47:32,025
INFO E:\Django Projects\Corona_Project\myapp\midlog.py changed, reloading. 2021-02-11 18:49:09,666
INFO Watching for file changes with StatReloader 2021-02-11 18:49:10,571
INFO b'{\r\n    "username": "admin",\r\n    "password": "admin"\r\n}' 2021-02-11 18:49:13,405
INFO 1613056753.405225 2021-02-11 18:49:13,405
INFO "POST /login/ HTTP/1.1" 200 64 2021-02-11 18:49:13,736
INFO b'{\r\n    "username": "admin",\r\n    "password": "admin1"\r\n}' 2021-02-11 18:49:52,392
INFO 1613056792.392315 2021-02-11 18:49:52,392
WARNING Unauthorized: /login/ 2021-02-11 18:49:52,612
WARNING "POST /login/ HTTP/1.1" 401 40 2021-02-11 18:49:52,613
INFO E:\Django Projects\Corona_Project\myapp\midlog.py changed, reloading. 2021-02-11 18:51:12,778
INFO Watching for file changes with StatReloader 2021-02-11 18:51:13,648
INFO b'{\r\n    "username": "admin",\r\n    "password": "admin1"\r\n}' 2021-02-11 18:51:15,853
INFO 1613056875.8537447 2021-02-11 18:51:15,853
WARNING Unauthorized: /login/ 2021-02-11 18:51:16,062
WARNING "POST /login/ HTTP/1.1" 401 40 2021-02-11 18:51:16,062
INFO E:\Django Projects\Corona_Project\myapp\midlog.py changed, reloading. 2021-02-11 18:51:22,069
INFO Watching for file changes with StatReloader 2021-02-11 18:51:22,886
ERROR Internal Server Error: /login/ 2021-02-11 18:51:24,905
Traceback (most recent call last):
  File "C:\python 3.6\lib\site-packages\django\core\handlers\exception.py", line 47, in inner
    response = get_response(request)
  File "C:\python 3.6\lib\site-packages\django\utils\deprecation.py", line 113, in __call__
    response = self.process_request(request)
  File "E:\Django Projects\Corona_Project\myapp\midlog.py", line 30, in process_request
    print(request.data)
AttributeError: 'WSGIRequest' object has no attribute 'data'
ERROR "POST /login/ HTTP/1.1" 500 66244 2021-02-11 18:51:24,906
ERROR Internal Server Error: /login/ 2021-02-11 18:51:32,126
Traceback (most recent call last):
  File "C:\python 3.6\lib\site-packages\django\core\handlers\exception.py", line 47, in inner
    response = get_response(request)
  File "C:\python 3.6\lib\site-packages\django\utils\deprecation.py", line 113, in __call__
    response = self.process_request(request)
  File "E:\Django Projects\Corona_Project\myapp\midlog.py", line 30, in process_request
    print(request.data)
AttributeError: 'WSGIRequest' object has no attribute 'data'
ERROR "POST /login/ HTTP/1.1" 500 66244 2021-02-11 18:51:32,127
INFO E:\Django Projects\Corona_Project\myapp\midlog.py changed, reloading. 2021-02-11 18:52:12,584
INFO Watching for file changes with StatReloader 2021-02-11 18:52:13,422
ERROR Internal Server Error: /login/ 2021-02-11 18:52:17,908
Traceback (most recent call last):
  File "C:\python 3.6\lib\site-packages\django\core\handlers\exception.py", line 47, in inner
    response = get_response(request)
  File "C:\python 3.6\lib\site-packages\django\utils\deprecation.py", line 113, in __call__
    response = self.process_request(request)
  File "E:\Django Projects\Corona_Project\myapp\midlog.py", line 30, in process_request
    if 'password' in request.body:
TypeError: a bytes-like object is required, not 'str'
ERROR "POST /login/ HTTP/1.1" 500 66186 2021-02-11 18:52:17,910
ERROR Internal Server Error: /login/ 2021-02-11 18:52:31,939
Traceback (most recent call last):
  File "C:\python 3.6\lib\site-packages\django\core\handlers\exception.py", line 47, in inner
    response = get_response(request)
  File "C:\python 3.6\lib\site-packages\django\utils\deprecation.py", line 113, in __call__
    response = self.process_request(request)
  File "E:\Django Projects\Corona_Project\myapp\midlog.py", line 30, in process_request
    if 'password' in request.body:
TypeError: a bytes-like object is required, not 'str'
ERROR "POST /login/ HTTP/1.1" 500 66186 2021-02-11 18:52:31,941
INFO E:\Django Projects\Corona_Project\myapp\midlog.py changed, reloading. 2021-02-11 19:09:16,297
INFO Watching for file changes with StatReloader 2021-02-11 19:09:17,314
ERROR Internal Server Error: /login/ 2021-02-11 19:09:19,872
Traceback (most recent call last):
  File "C:\python 3.6\lib\site-packages\django\core\handlers\exception.py", line 47, in inner
    response = get_response(request)
  File "C:\python 3.6\lib\site-packages\django\utils\deprecation.py", line 113, in __call__
    response = self.process_request(request)
  File "E:\Django Projects\Corona_Project\myapp\midlog.py", line 30, in process_request
    if 'password' in request.body:
TypeError: a bytes-like object is required, not 'str'
ERROR "POST /login/ HTTP/1.1" 500 66186 2021-02-11 19:09:19,874
INFO E:\Django Projects\Corona_Project\myapp\midlog.py changed, reloading. 2021-02-11 19:09:40,938
INFO Watching for file changes with StatReloader 2021-02-11 19:09:41,819
ERROR Internal Server Error: /login/ 2021-02-11 19:09:42,899
Traceback (most recent call last):
  File "C:\python 3.6\lib\site-packages\django\core\handlers\exception.py", line 47, in inner
    response = get_response(request)
  File "C:\python 3.6\lib\site-packages\django\utils\deprecation.py", line 113, in __call__
    response = self.process_request(request)
  File "E:\Django Projects\Corona_Project\myapp\midlog.py", line 30, in process_request
    if 'password' in request.body:
TypeError: a bytes-like object is required, not 'str'
ERROR "POST /login/ HTTP/1.1" 500 66198 2021-02-11 19:09:42,901
ERROR Internal Server Error: /login/ 2021-02-11 19:09:45,885
Traceback (most recent call last):
  File "C:\python 3.6\lib\site-packages\django\core\handlers\exception.py", line 47, in inner
    response = get_response(request)
  File "C:\python 3.6\lib\site-packages\django\utils\deprecation.py", line 113, in __call__
    response = self.process_request(request)
  File "E:\Django Projects\Corona_Project\myapp\midlog.py", line 30, in process_request
    if 'password' in request.body:
TypeError: a bytes-like object is required, not 'str'
ERROR "POST /login/ HTTP/1.1" 500 66198 2021-02-11 19:09:45,886
INFO E:\Django Projects\Corona_Project\myapp\midlog.py changed, reloading. 2021-02-11 19:09:57,748
INFO Watching for file changes with StatReloader 2021-02-11 19:09:58,563
ERROR Internal Server Error: /login/ 2021-02-11 19:10:01,090
Traceback (most recent call last):
  File "C:\python 3.6\lib\site-packages\django\core\handlers\exception.py", line 47, in inner
    response = get_response(request)
  File "C:\python 3.6\lib\site-packages\django\utils\deprecation.py", line 113, in __call__
    response = self.process_request(request)
  File "E:\Django Projects\Corona_Project\myapp\midlog.py", line 30, in process_request
    if "password" in request.body:
TypeError: a bytes-like object is required, not 'str'
ERROR "POST /login/ HTTP/1.1" 500 66198 2021-02-11 19:10:01,092
INFO E:\Django Projects\Corona_Project\myapp\midlog.py changed, reloading. 2021-02-11 19:10:14,930
INFO Watching for file changes with StatReloader 2021-02-11 19:10:15,721
INFO b'{\r\n    "username": "admin",\r\n    "password": "admin1"\r\n}' 2021-02-11 19:10:18,724
INFO 1613058018.7253132 2021-02-11 19:10:18,725
INFO <Response status_code=401, "application/json"> 2021-02-11 19:10:18,942
WARNING Unauthorized: /login/ 2021-02-11 19:10:18,942
WARNING "POST /login/ HTTP/1.1" 401 40 2021-02-11 19:10:18,943
INFO E:\Django Projects\Corona_Project\myapp\midlog.py changed, reloading. 2021-02-11 19:11:13,808
INFO Watching for file changes with StatReloader 2021-02-11 19:11:14,611
INFO b'{\r\n    "username": "admin",\r\n    "password": "admin1"\r\n}' 2021-02-11 19:11:19,899
INFO 1613058079.8999674 2021-02-11 19:11:19,899
INFO <Response status_code=401, "application/json"> 2021-02-11 19:11:20,128
WARNING Unauthorized: /login/ 2021-02-11 19:11:20,129
WARNING "POST /login/ HTTP/1.1" 401 40 2021-02-11 19:11:20,129
INFO b'{\r\n    "username": "admin",\r\n    "password": "admin"\r\n}' 2021-02-11 19:12:23,106
INFO 1613058143.106939 2021-02-11 19:12:23,106
INFO <Response status_code=200, "application/json"> 2021-02-11 19:12:23,350
INFO "POST /login/ HTTP/1.1" 200 64 2021-02-11 19:12:23,351
INFO E:\Django Projects\Corona_Project\Corona_Project\settings.py changed, reloading. 2021-02-11 19:14:09,735
INFO Watching for file changes with StatReloader 2021-02-11 19:14:10,533
INFO E:\Django Projects\Corona_Project\myapp\midlog.py changed, reloading. 2021-02-11 19:15:38,313
INFO Watching for file changes with StatReloader 2021-02-11 19:15:39,184
INFO b'{\r\n    "username": "admin",\r\n    "password": "admin"\r\n}' 2021-02-11 19:15:41,089
INFO 1613058341.089119 2021-02-11 19:15:41,089
INFO <Response status_code=200, "application/json"> 2021-02-11 19:15:41,332
INFO AnonymousUser 2021-02-11 19:15:41,332
INFO "POST /login/ HTTP/1.1" 200 64 2021-02-11 19:15:41,333
INFO E:\Django Projects\Corona_Project\myapp\midlog.py changed, reloading. 2021-02-11 19:15:54,176
INFO Watching for file changes with StatReloader 2021-02-11 19:15:55,004
INFO b'{\r\n    "username": "admin",\r\n    "password": "admin"\r\n}' 2021-02-11 19:15:58,162
INFO 1613058358.1621838 2021-02-11 19:15:58,162
INFO <Response status_code=200, "application/json"> 2021-02-11 19:15:58,381
INFO AnonymousUser 2021-02-11 19:15:58,381
INFO "POST /login/ HTTP/1.1" 200 64 2021-02-11 19:15:58,382
INFO E:\Django Projects\Corona_Project\myapp\midlog.py changed, reloading. 2021-02-11 19:16:07,757
INFO Watching for file changes with StatReloader 2021-02-11 19:16:08,680
INFO b'{\r\n    "username": "admin",\r\n    "password": "admin"\r\n}' 2021-02-11 19:16:12,354
INFO 1613058372.355919 2021-02-11 19:16:12,355
INFO <Response status_code=200, "application/json"> 2021-02-11 19:16:12,608
INFO AnonymousUser 2021-02-11 19:16:12,608
INFO "POST /login/ HTTP/1.1" 200 64 2021-02-11 19:16:12,609
INFO E:\Django Projects\Corona_Project\Corona_Project\settings.py changed, reloading. 2021-02-11 19:17:33,537
INFO Watching for file changes with StatReloader 2021-02-11 19:17:34,410
INFO E:\Django Projects\Corona_Project\Corona_Project\settings.py changed, reloading. 2021-02-11 19:18:31,489
INFO Watching for file changes with StatReloader 2021-02-11 19:18:32,475
INFO "OPTIONS /login/ HTTP/1.1" 200 0 2021-02-11 19:19:27,316
INFO b'{"username":"admin","password":"admin"}' 2021-02-11 19:19:27,324
INFO 1613058567.324798 2021-02-11 19:19:27,324
INFO <Response status_code=200, "application/json"> 2021-02-11 19:19:27,509
INFO AnonymousUser 2021-02-11 19:19:27,509
INFO "POST /login/ HTTP/1.1" 200 64 2021-02-11 19:19:27,510
INFO "OPTIONS /get-user-info/ HTTP/1.1" 200 0 2021-02-11 19:19:27,721
INFO 1613058567.7272615 2021-02-11 19:19:27,727
INFO <Response status_code=200, "application/json"> 2021-02-11 19:19:27,782
INFO admin 2021-02-11 19:19:27,782
INFO "GET /get-user-info/ HTTP/1.1" 200 46 2021-02-11 19:19:27,782
INFO "OPTIONS /recent-reports/ HTTP/1.1" 200 0 2021-02-11 19:19:30,423
INFO 1613058570.4305456 2021-02-11 19:19:30,430
INFO <Response status_code=200, "application/json"> 2021-02-11 19:19:30,573
INFO admin 2021-02-11 19:19:30,573
INFO "GET /recent-reports/ HTTP/1.1" 200 1873 2021-02-11 19:19:30,573
INFO 1613058572.9326103 2021-02-11 19:19:32,932
INFO <Response status_code=200, "application/json"> 2021-02-11 19:19:33,026
INFO admin 2021-02-11 19:19:33,026
INFO "GET /recent-reports/ HTTP/1.1" 200 1873 2021-02-11 19:19:33,026
INFO 1613058576.1867712 2021-02-11 19:19:36,186
INFO <Response status_code=200, "application/json"> 2021-02-11 19:19:36,284
INFO admin 2021-02-11 19:19:36,284
INFO "GET /recent-reports/ HTTP/1.1" 200 1873 2021-02-11 19:19:36,285
INFO 1613058576.6895852 2021-02-11 19:19:36,689
INFO <Response status_code=200, "application/json"> 2021-02-11 19:19:36,780
INFO admin 2021-02-11 19:19:36,780
INFO "GET /recent-reports/ HTTP/1.1" 200 1873 2021-02-11 19:19:36,780
INFO "OPTIONS /logout/ HTTP/1.1" 200 0 2021-02-11 19:19:40,640
INFO 1613058580.6535683 2021-02-11 19:19:40,653
INFO <Response status_code=200, "application/json"> 2021-02-11 19:19:40,697
INFO AnonymousUser 2021-02-11 19:19:40,697
INFO "GET /logout/ HTTP/1.1" 200 34 2021-02-11 19:19:40,698
INFO Watching for file changes with StatReloader 2021-02-12 00:30:40,182
INFO "OPTIONS /signup/ HTTP/1.1" 200 0 2021-02-12 00:31:07,548
INFO b'{"username":"hesam_mohammadi","email":"hesam_mohammadi@gmailc.om","password":"123asdASD","cpassword":"123asdASD"}' 2021-02-12 00:31:07,563
INFO 1613077267.5634465 2021-02-12 00:31:07,563
INFO <Response status_code=200, "application/json"> 2021-02-12 00:31:08,081
INFO AnonymousUser 2021-02-12 00:31:08,081
INFO "POST /signup/ HTTP/1.1" 200 35 2021-02-12 00:31:08,082
INFO "OPTIONS /login/ HTTP/1.1" 200 0 2021-02-12 00:40:03,942
INFO b'{"user":"admin","pass":"admin"}' 2021-02-12 00:40:03,947
INFO 1613077803.9471936 2021-02-12 00:40:03,947
INFO <Response status_code=200, "application/json"> 2021-02-12 00:40:04,155
INFO AnonymousUser 2021-02-12 00:40:04,155
INFO "POST /login/ HTTP/1.1" 200 64 2021-02-12 00:40:04,156
INFO "OPTIONS /get-user-info/ HTTP/1.1" 200 0 2021-02-12 00:40:04,641
INFO 1613077804.662207 2021-02-12 00:40:04,663
INFO <Response status_code=200, "application/json"> 2021-02-12 00:40:04,804
INFO admin 2021-02-12 00:40:04,805
INFO "GET /get-user-info/ HTTP/1.1" 200 46 2021-02-12 00:40:04,805
INFO "OPTIONS /recent-reports/ HTTP/1.1" 200 0 2021-02-12 00:40:12,416
INFO 1613077812.4236114 2021-02-12 00:40:12,423
INFO <Response status_code=200, "application/json"> 2021-02-12 00:40:12,557
INFO admin 2021-02-12 00:40:12,557
INFO "GET /recent-reports/ HTTP/1.1" 200 1873 2021-02-12 00:40:12,557
INFO 1613077817.1991587 2021-02-12 00:40:17,199
INFO <Response status_code=200, "application/json"> 2021-02-12 00:40:17,302
INFO admin 2021-02-12 00:40:17,302
INFO "GET /recent-reports/ HTTP/1.1" 200 1873 2021-02-12 00:40:17,303
INFO 1613077822.8509238 2021-02-12 00:40:22,850
INFO <Response status_code=200, "application/json"> 2021-02-12 00:40:22,938
INFO admin 2021-02-12 00:40:22,938
INFO "GET /recent-reports/ HTTP/1.1" 200 1873 2021-02-12 00:40:22,939
INFO 1613077823.5866206 2021-02-12 00:40:23,586
INFO <Response status_code=200, "application/json"> 2021-02-12 00:40:23,709
INFO admin 2021-02-12 00:40:23,709
INFO "GET /recent-reports/ HTTP/1.1" 200 1873 2021-02-12 00:40:23,709
INFO 1613077867.0354931 2021-02-12 00:41:07,035
INFO <Response status_code=200, "application/json"> 2021-02-12 00:41:07,125
INFO admin 2021-02-12 00:41:07,125
INFO "GET /recent-reports/ HTTP/1.1" 200 1873 2021-02-12 00:41:07,125
INFO "OPTIONS /patient-info/2 HTTP/1.1" 200 0 2021-02-12 00:41:11,014
INFO 1613077871.0202868 2021-02-12 00:41:11,020
INFO <Response status_code=200, "application/json"> 2021-02-12 00:41:11,167
INFO admin 2021-02-12 00:41:11,167
INFO "GET /patient-info/2 HTTP/1.1" 200 137 2021-02-12 00:41:11,167
INFO 1613077901.1605697 2021-02-12 00:41:41,160
INFO <Response status_code=200, "application/json"> 2021-02-12 00:41:41,281
INFO admin 2021-02-12 00:41:41,281
INFO "GET /recent-reports/ HTTP/1.1" 200 1873 2021-02-12 00:41:41,282
INFO "OPTIONS /newreport/ HTTP/1.1" 200 0 2021-02-12 00:42:19,129
INFO b'{"firstName":"awaw","lastName":"awaw","phoneNumber":"123123123123","nationalCode":"222333123","birthDate":"2021-02-27","symptoms":["\xd8\xaa\xd9\x86\xda\xaf\xdb\x8c \xd9\x86\xd9\x81\xd8\xb3","\xda\xaf\xd9\x84\xd9\x88 \xd8\xaf\xd8\xb1\xd8\xaf","\xd8\xaa\xd8\xa8"]}' 2021-02-12 00:42:19,136
INFO 1613077939.1367207 2021-02-12 00:42:19,136
INFO <Response status_code=200, "application/json"> 2021-02-12 00:42:19,219
INFO admin 2021-02-12 00:42:19,219
INFO "POST /newreport/ HTTP/1.1" 200 60 2021-02-12 00:42:19,219
INFO "OPTIONS /logout/ HTTP/1.1" 200 0 2021-02-12 00:42:49,640
INFO 1613077969.6512332 2021-02-12 00:42:49,651
INFO <Response status_code=200, "application/json"> 2021-02-12 00:42:49,694
INFO AnonymousUser 2021-02-12 00:42:49,694
INFO "GET /logout/ HTTP/1.1" 200 34 2021-02-12 00:42:49,695
INFO b'{"user":"admin","pass":"admin"}' 2021-02-12 01:02:44,652
INFO 1613079164.6522863 2021-02-12 01:02:44,652
INFO <Response status_code=200, "application/json"> 2021-02-12 01:02:44,888
INFO AnonymousUser 2021-02-12 01:02:44,888
INFO "POST /login/ HTTP/1.1" 200 64 2021-02-12 01:02:44,889
INFO 1613079165.0708826 2021-02-12 01:02:45,070
INFO <Response status_code=200, "application/json"> 2021-02-12 01:02:45,119
INFO admin 2021-02-12 01:02:45,119
INFO "GET /get-user-info/ HTTP/1.1" 200 46 2021-02-12 01:02:45,119
INFO 1613080922.9676898 2021-02-12 01:32:02,967
INFO <Response status_code=200, "application/json"> 2021-02-12 01:32:03,020
INFO AnonymousUser 2021-02-12 01:32:03,020
INFO "GET /logout/ HTTP/1.1" 200 34 2021-02-12 01:32:03,021
INFO Watching for file changes with StatReloader 2021-02-13 18:23:10,569
INFO "OPTIONS /login/ HTTP/1.1" 200 0 2021-02-13 18:36:00,669
INFO b'{"user":"admin","pass":"admin"}' 2021-02-13 18:36:00,684
INFO 1613228760.6848552 2021-02-13 18:36:00,684
INFO <Response status_code=200, "application/json"> 2021-02-13 18:36:00,989
INFO AnonymousUser 2021-02-13 18:36:00,989
INFO "POST /login/ HTTP/1.1" 200 64 2021-02-13 18:36:00,998
INFO "OPTIONS /get-user-info/ HTTP/1.1" 200 0 2021-02-13 18:36:01,163
INFO 1613228761.1744127 2021-02-13 18:36:01,174
INFO <Response status_code=200, "application/json"> 2021-02-13 18:36:01,357
INFO admin 2021-02-13 18:36:01,357
INFO "GET /get-user-info/ HTTP/1.1" 200 46 2021-02-13 18:36:01,358
INFO "OPTIONS /recent-reports/ HTTP/1.1" 200 0 2021-02-13 18:36:19,064
INFO 1613228779.0697513 2021-02-13 18:36:19,069
INFO <Response status_code=200, "application/json"> 2021-02-13 18:36:19,239
INFO admin 2021-02-13 18:36:19,239
INFO "GET /recent-reports/ HTTP/1.1" 200 2046 2021-02-13 18:36:19,240
INFO "OPTIONS /logout/ HTTP/1.1" 200 0 2021-02-13 18:36:53,939
INFO 1613228813.9471636 2021-02-13 18:36:53,947
INFO <Response status_code=200, "application/json"> 2021-02-13 18:36:53,998
INFO AnonymousUser 2021-02-13 18:36:53,998
INFO "GET /logout/ HTTP/1.1" 200 34 2021-02-13 18:36:53,998
INFO "OPTIONS /login/ HTTP/1.1" 200 0 2021-02-13 19:25:07,759
INFO b'{"user":"admin","pass":"admin"}' 2021-02-13 19:25:07,768
INFO 1613231707.768784 2021-02-13 19:25:07,768
INFO <Response status_code=200, "application/json"> 2021-02-13 19:25:08,110
INFO AnonymousUser 2021-02-13 19:25:08,111
INFO "POST /login/ HTTP/1.1" 200 64 2021-02-13 19:25:08,111
INFO "OPTIONS /get-user-info/ HTTP/1.1" 200 0 2021-02-13 19:25:08,428
INFO 1613231708.4391956 2021-02-13 19:25:08,439
INFO <Response status_code=200, "application/json"> 2021-02-13 19:25:08,533
INFO admin 2021-02-13 19:25:08,533
INFO "GET /get-user-info/ HTTP/1.1" 200 46 2021-02-13 19:25:08,535
INFO "OPTIONS /recent-reports/ HTTP/1.1" 200 0 2021-02-13 19:25:19,454
INFO 1613231719.4626875 2021-02-13 19:25:19,462
INFO <Response status_code=200, "application/json"> 2021-02-13 19:25:19,671
INFO admin 2021-02-13 19:25:19,671
INFO "GET /recent-reports/ HTTP/1.1" 200 2046 2021-02-13 19:25:19,673
INFO 1613231736.2787313 2021-02-13 19:25:36,278
INFO <Response status_code=200, "application/json"> 2021-02-13 19:25:36,526
INFO admin 2021-02-13 19:25:36,527
INFO "GET /recent-reports/ HTTP/1.1" 200 2046 2021-02-13 19:25:36,528
INFO 1613231738.7911816 2021-02-13 19:25:38,791
INFO <Response status_code=200, "application/json"> 2021-02-13 19:25:39,035
INFO admin 2021-02-13 19:25:39,035
INFO "GET /recent-reports/ HTTP/1.1" 200 2046 2021-02-13 19:25:39,036
INFO 1613231742.5248275 2021-02-13 19:25:42,524
INFO <Response status_code=200, "application/json"> 2021-02-13 19:25:42,782
INFO admin 2021-02-13 19:25:42,783
INFO "GET /recent-reports/ HTTP/1.1" 200 2046 2021-02-13 19:25:42,783
INFO "OPTIONS /patient-info/2 HTTP/1.1" 200 0 2021-02-13 19:25:46,468
INFO 1613231746.4759352 2021-02-13 19:25:46,475
INFO <Response status_code=200, "application/json"> 2021-02-13 19:25:46,544
INFO admin 2021-02-13 19:25:46,544
INFO "GET /patient-info/2 HTTP/1.1" 200 137 2021-02-13 19:25:46,545
INFO "OPTIONS /edit-report/2 HTTP/1.1" 200 0 2021-02-13 19:26:11,142
INFO b'{"firstName":"\xd8\xb9\xd9\x84\xdb\x8c","lastName":"\xd8\xad\xd8\xb3\xd9\x86\xdb\x8c","phoneNumber":"09123620174","nationalCode":"2365845410","birthDate":"2008-10-02","symptoms":["\xd8\xb3\xd8\xb1 \xd8\xaf\xd8\xb1\xd8\xaf"],"patientStatus":"\xd8\xa8\xd8\xb3\xd8\xaa\xd8\xb1\xdb\x8c \xd8\xaf\xd8\xb1 \xd8\xa8\xdb\x8c\xd9\x85\xd8\xa7\xd8\xb1\xd8\xb3\xd8\xaa\xd8\xa7\xd9\x86","diseaseStatus":"\xd9\x85\xd8\xb4\xda\xa9\xd9\x88\xda\xa9 \xd8\xa8\xd9\x87 \xda\xa9\xd8\xb1\xd9\x88\xd9\x86\xd8\xa7"}' 2021-02-13 19:26:11,154
INFO 1613231771.1545768 2021-02-13 19:26:11,154
INFO <Response status_code=200, "application/json"> 2021-02-13 19:26:11,364
INFO admin 2021-02-13 19:26:11,365
INFO "POST /edit-report/2 HTTP/1.1" 200 278 2021-02-13 19:26:11,366
INFO 1613231799.0365736 2021-02-13 19:26:39,036
INFO <Response status_code=200, "application/json"> 2021-02-13 19:26:39,234
INFO admin 2021-02-13 19:26:39,235
INFO "GET /recent-reports/ HTTP/1.1" 200 2073 2021-02-13 19:26:39,236
INFO "OPTIONS /logout/ HTTP/1.1" 200 0 2021-02-13 19:26:52,036
INFO 1613231812.0467877 2021-02-13 19:26:52,046
INFO <Response status_code=200, "application/json"> 2021-02-13 19:26:52,155
INFO AnonymousUser 2021-02-13 19:26:52,155
INFO "GET /logout/ HTTP/1.1" 200 34 2021-02-13 19:26:52,156
INFO b'{"user":"admin","pass":"admin"}' 2021-02-13 19:33:57,651
INFO 1613232237.6510139 2021-02-13 19:33:57,651
INFO <Response status_code=200, "application/json"> 2021-02-13 19:33:57,894
INFO AnonymousUser 2021-02-13 19:33:57,894
INFO "POST /login/ HTTP/1.1" 200 64 2021-02-13 19:33:57,895
INFO 1613232238.104568 2021-02-13 19:33:58,104
INFO <Response status_code=200, "application/json"> 2021-02-13 19:33:58,199
INFO admin 2021-02-13 19:33:58,199
INFO "GET /get-user-info/ HTTP/1.1" 200 46 2021-02-13 19:33:58,200
INFO 1613232250.409194 2021-02-13 19:34:10,409
INFO <Response status_code=200, "application/json"> 2021-02-13 19:34:10,749
INFO admin 2021-02-13 19:34:10,750
INFO "GET /recent-reports/ HTTP/1.1" 200 2073 2021-02-13 19:34:10,752
INFO 1613232251.9580774 2021-02-13 19:34:11,958
INFO <Response status_code=200, "application/json"> 2021-02-13 19:34:12,244
INFO admin 2021-02-13 19:34:12,244
INFO "GET /recent-reports/ HTTP/1.1" 200 2073 2021-02-13 19:34:12,249
INFO 1613232260.7043927 2021-02-13 19:34:20,704
INFO <Response status_code=200, "application/json"> 2021-02-13 19:34:20,835
INFO AnonymousUser 2021-02-13 19:34:20,835
INFO "GET /logout/ HTTP/1.1" 200 34 2021-02-13 19:34:20,837
INFO Watching for file changes with StatReloader 2021-02-17 00:11:29,880
INFO "OPTIONS /login/ HTTP/1.1" 200 0 2021-02-17 00:15:52,177
ERROR Internal Server Error: /login/ 2021-02-17 00:15:52,252
Traceback (most recent call last):
  File "C:\python 3.6\lib\site-packages\django\core\handlers\exception.py", line 47, in inner
    response = get_response(request)
  File "C:\python 3.6\lib\site-packages\django\utils\deprecation.py", line 113, in __call__
    response = self.process_request(request)
  File "E:\Django Projects\Corona_Project\myapp\MiddlewareLogger.py", line 28, in process_request
    logger.info(request.req_body)
AttributeError: 'WSGIRequest' object has no attribute 'req_body'
ERROR "POST /login/ HTTP/1.1" 500 66356 2021-02-17 00:15:52,253
ERROR Internal Server Error: /login/ 2021-02-17 00:16:09,729
Traceback (most recent call last):
  File "C:\python 3.6\lib\site-packages\django\core\handlers\exception.py", line 47, in inner
    response = get_response(request)
  File "C:\python 3.6\lib\site-packages\django\utils\deprecation.py", line 113, in __call__
    response = self.process_request(request)
  File "E:\Django Projects\Corona_Project\myapp\MiddlewareLogger.py", line 28, in process_request
    logger.info(request.req_body)
AttributeError: 'WSGIRequest' object has no attribute 'req_body'
ERROR "POST /login/ HTTP/1.1" 500 66356 2021-02-17 00:16:09,730
ERROR Internal Server Error: /login/ 2021-02-17 00:16:13,684
Traceback (most recent call last):
  File "C:\python 3.6\lib\site-packages\django\core\handlers\exception.py", line 47, in inner
    response = get_response(request)
  File "C:\python 3.6\lib\site-packages\django\utils\deprecation.py", line 113, in __call__
    response = self.process_request(request)
  File "E:\Django Projects\Corona_Project\myapp\MiddlewareLogger.py", line 28, in process_request
    logger.info(request.req_body)
AttributeError: 'WSGIRequest' object has no attribute 'req_body'
ERROR "POST /login/ HTTP/1.1" 500 66356 2021-02-17 00:16:13,709
ERROR Internal Server Error: /login/ 2021-02-17 00:16:14,067
Traceback (most recent call last):
  File "C:\python 3.6\lib\site-packages\django\core\handlers\exception.py", line 47, in inner
    response = get_response(request)
  File "C:\python 3.6\lib\site-packages\django\utils\deprecation.py", line 113, in __call__
    response = self.process_request(request)
  File "E:\Django Projects\Corona_Project\myapp\MiddlewareLogger.py", line 28, in process_request
    logger.info(request.req_body)
AttributeError: 'WSGIRequest' object has no attribute 'req_body'
ERROR "POST /login/ HTTP/1.1" 500 66356 2021-02-17 00:16:14,068
ERROR Internal Server Error: /admin/ 2021-02-17 00:16:28,218
Traceback (most recent call last):
  File "C:\python 3.6\lib\site-packages\django\core\handlers\exception.py", line 47, in inner
    response = get_response(request)
  File "C:\python 3.6\lib\site-packages\django\utils\deprecation.py", line 113, in __call__
    response = self.process_request(request)
  File "E:\Django Projects\Corona_Project\myapp\MiddlewareLogger.py", line 28, in process_request
    logger.info(request.req_body)
AttributeError: 'WSGIRequest' object has no attribute 'req_body'
ERROR "GET /admin/ HTTP/1.1" 500 67383 2021-02-17 00:16:28,220
ERROR Internal Server Error: /favicon.ico 2021-02-17 00:16:28,550
Traceback (most recent call last):
  File "C:\python 3.6\lib\site-packages\django\core\handlers\exception.py", line 47, in inner
    response = get_response(request)
  File "C:\python 3.6\lib\site-packages\django\utils\deprecation.py", line 113, in __call__
    response = self.process_request(request)
  File "E:\Django Projects\Corona_Project\myapp\MiddlewareLogger.py", line 28, in process_request
    logger.info(request.req_body)
AttributeError: 'WSGIRequest' object has no attribute 'req_body'
ERROR "GET /favicon.ico HTTP/1.1" 500 67022 2021-02-17 00:16:28,551
INFO Watching for file changes with StatReloader 2021-02-17 00:16:39,863
ERROR Internal Server Error: /admin/ 2021-02-17 00:16:44,595
Traceback (most recent call last):
  File "C:\python 3.6\lib\site-packages\django\core\handlers\exception.py", line 47, in inner
    response = get_response(request)
  File "C:\python 3.6\lib\site-packages\django\utils\deprecation.py", line 113, in __call__
    response = self.process_request(request)
  File "E:\Django Projects\Corona_Project\myapp\MiddlewareLogger.py", line 28, in process_request
    logger.info(request.req_body)
AttributeError: 'WSGIRequest' object has no attribute 'req_body'
ERROR "GET /admin/ HTTP/1.1" 500 67299 2021-02-17 00:16:44,596
ERROR Internal Server Error: /favicon.ico 2021-02-17 00:16:44,734
Traceback (most recent call last):
  File "C:\python 3.6\lib\site-packages\django\core\handlers\exception.py", line 47, in inner
    response = get_response(request)
  File "C:\python 3.6\lib\site-packages\django\utils\deprecation.py", line 113, in __call__
    response = self.process_request(request)
  File "E:\Django Projects\Corona_Project\myapp\MiddlewareLogger.py", line 28, in process_request
    logger.info(request.req_body)
AttributeError: 'WSGIRequest' object has no attribute 'req_body'
ERROR "GET /favicon.ico HTTP/1.1" 500 67287 2021-02-17 00:16:44,735
ERROR Internal Server Error: /admin/ 2021-02-17 00:16:45,144
Traceback (most recent call last):
  File "C:\python 3.6\lib\site-packages\django\core\handlers\exception.py", line 47, in inner
    response = get_response(request)
  File "C:\python 3.6\lib\site-packages\django\utils\deprecation.py", line 113, in __call__
    response = self.process_request(request)
  File "E:\Django Projects\Corona_Project\myapp\MiddlewareLogger.py", line 28, in process_request
    logger.info(request.req_body)
AttributeError: 'WSGIRequest' object has no attribute 'req_body'
ERROR "GET /admin/ HTTP/1.1" 500 67299 2021-02-17 00:16:45,145
ERROR Internal Server Error: /favicon.ico 2021-02-17 00:16:45,288
Traceback (most recent call last):
  File "C:\python 3.6\lib\site-packages\django\core\handlers\exception.py", line 47, in inner
    response = get_response(request)
  File "C:\python 3.6\lib\site-packages\django\utils\deprecation.py", line 113, in __call__
    response = self.process_request(request)
  File "E:\Django Projects\Corona_Project\myapp\MiddlewareLogger.py", line 28, in process_request
    logger.info(request.req_body)
AttributeError: 'WSGIRequest' object has no attribute 'req_body'
ERROR "GET /favicon.ico HTTP/1.1" 500 67287 2021-02-17 00:16:45,289
INFO E:\Django Projects\Corona_Project\myapp\MiddlewareLogger.py changed, reloading. 2021-02-17 00:17:00,206
INFO Watching for file changes with StatReloader 2021-02-17 00:17:01,029
INFO 1613508424.903285 2021-02-17 00:17:04,903
INFO <HttpResponseRedirect status_code=302, "text/html; charset=utf-8", url="/admin/login/?next=/admin/"> 2021-02-17 00:17:04,942
INFO AnonymousUser 2021-02-17 00:17:04,943
INFO "GET /admin/ HTTP/1.1" 302 0 2021-02-17 00:17:04,946
INFO 1613508424.9511802 2021-02-17 00:17:04,951
INFO <TemplateResponse status_code=200, "text/html; charset=utf-8"> 2021-02-17 00:17:05,139
INFO AnonymousUser 2021-02-17 00:17:05,145
INFO "GET /admin/login/?next=/admin/ HTTP/1.1" 200 2194 2021-02-17 00:17:05,181
INFO "GET /static/admin/css/login.css HTTP/1.1" 200 1185 2021-02-17 00:17:05,251
INFO 1613508425.3043218 2021-02-17 00:17:05,304
INFO <HttpResponseNotFound status_code=404, "text/html"> 2021-02-17 00:17:05,337
INFO AnonymousUser 2021-02-17 00:17:05,337
WARNING Not Found: /favicon.ico 2021-02-17 00:17:05,338
WARNING "GET /favicon.ico HTTP/1.1" 404 3648 2021-02-17 00:17:05,338
INFO b'csrfmiddlewaretoken=fCQ7K0kXLjGx4dJe6314WWpkc8PI5vxI4yl5tLjzKoAL8dwS1s2tMObnyMKaXi5w&username=admin&password=admin&next=%2Fadmin%2F' 2021-02-17 00:17:08,527
INFO 1613508428.5271482 2021-02-17 00:17:08,527
INFO <HttpResponseRedirect status_code=302, "text/html; charset=utf-8", url="/admin/"> 2021-02-17 00:17:08,813
INFO admin 2021-02-17 00:17:08,814
INFO "POST /admin/login/?next=/admin/ HTTP/1.1" 302 0 2021-02-17 00:17:08,816
INFO 1613508428.8213315 2021-02-17 00:17:08,821
INFO <TemplateResponse status_code=200, "text/html; charset=utf-8"> 2021-02-17 00:17:08,918
INFO admin 2021-02-17 00:17:08,919
INFO "GET /admin/ HTTP/1.1" 200 9422 2021-02-17 00:17:08,920
INFO b'{"user":"admin","pass":"admin"}' 2021-02-17 00:17:15,952
INFO 1613508435.9526029 2021-02-17 00:17:15,952
INFO <Response status_code=200, "application/json"> 2021-02-17 00:17:16,172
INFO AnonymousUser 2021-02-17 00:17:16,172
INFO "POST /login/ HTTP/1.1" 200 64 2021-02-17 00:17:16,173
INFO "OPTIONS /get-user-info/ HTTP/1.1" 200 0 2021-02-17 00:17:16,388
INFO 1613508436.3951044 2021-02-17 00:17:16,395
INFO <Response status_code=200, "application/json"> 2021-02-17 00:17:16,456
INFO admin 2021-02-17 00:17:16,456
INFO "GET /get-user-info/ HTTP/1.1" 200 46 2021-02-17 00:17:16,458
INFO "OPTIONS /newreport/ HTTP/1.1" 200 0 2021-02-17 00:18:04,474
INFO b'{"firstName":"\xd9\x81\xd8\xb1\xd8\xb4\xdb\x8c\xd8\xaf","lastName":"\xd9\x85\xd8\xad\xd9\x85\xd8\xaf\xdb\x8c","phoneNumber":"093625947","nationalCode":"521465874","birthDate":"2021-02-20","symptoms":["\xda\xaf\xd9\x84\xd9\x88 \xd8\xaf\xd8\xb1\xd8\xaf","\xd8\xaa\xd9\x86\xda\xaf\xdb\x8c \xd9\x86\xd9\x81\xd8\xb3","\xd8\xa2\xd8\xa8\xd8\xb1\xdb\x8c\xd8\xb2\xd8\xb4 \xd8\xa8\xdb\x8c\xd9\x86\xdb\x8c"]}' 2021-02-17 00:18:04,486
INFO 1613508484.4862838 2021-02-17 00:18:04,486
INFO <Response status_code=200, "application/json"> 2021-02-17 00:18:04,646
INFO admin 2021-02-17 00:18:04,648
INFO "POST /newreport/ HTTP/1.1" 200 67 2021-02-17 00:18:04,650
INFO b'{"patientStatus":"\xd9\x81\xd9\x88\xd8\xaa \xd8\xb4\xd8\xaf\xd9\x87","diseaseStatus":"\xd8\xa2\xd9\x86\xd9\x81\xd9\x88\xd9\x84\xd8\xa7\xd9\x86\xd8\xb2\xd8\xa7","patientid":19}' 2021-02-17 00:18:38,474
INFO 1613508518.4743798 2021-02-17 00:18:38,474
INFO <Response status_code=200, "application/json"> 2021-02-17 00:18:38,554
INFO admin 2021-02-17 00:18:38,554
INFO "PUT /newreport/ HTTP/1.1" 200 13 2021-02-17 00:18:38,555
INFO "OPTIONS /recent-reports/ HTTP/1.1" 200 0 2021-02-17 00:19:46,874
INFO 1613508586.8801267 2021-02-17 00:19:46,880
INFO <Response status_code=200, "application/json"> 2021-02-17 00:19:47,001
INFO admin 2021-02-17 00:19:47,001
INFO "GET /recent-reports/ HTTP/1.1" 200 2256 2021-02-17 00:19:47,002
INFO "OPTIONS /patient-info/19 HTTP/1.1" 200 0 2021-02-17 00:20:02,134
INFO 1613508602.1390562 2021-02-17 00:20:02,139
INFO <Response status_code=200, "application/json"> 2021-02-17 00:20:02,184
INFO admin 2021-02-17 00:20:02,184
INFO "GET /patient-info/19 HTTP/1.1" 200 140 2021-02-17 00:20:02,184
INFO "OPTIONS /edit-report/19 HTTP/1.1" 200 0 2021-02-17 00:20:27,873
INFO b'{"firstName":"\xd9\x81\xd8\xb1\xd8\xb4\xdb\x8c\xd8\xaf","lastName":"\xd9\x85\xd8\xad\xd9\x85\xd8\xaf\xdb\x8c","phoneNumber":"093625947","nationalCode":"521465874","birthDate":"2021-02-20","symptoms":["\xd8\xaa\xd8\xa8"],"patientStatus":"\xd9\x82\xd8\xb1\xd9\x86\xd8\xb7\xdb\x8c\xd9\x86\xd9\x87","diseaseStatus":"\xd9\x82\xd8\xb7\xd8\xb9\xdb\x8c \xda\xa9\xd8\xb1\xd9\x88\xd9\x86\xd8\xa7"}' 2021-02-17 00:20:27,878
INFO 1613508627.878183 2021-02-17 00:20:27,878
INFO <Response status_code=200, "application/json"> 2021-02-17 00:20:27,967
INFO admin 2021-02-17 00:20:27,968
INFO "POST /edit-report/19 HTTP/1.1" 200 254 2021-02-17 00:20:27,970
INFO 1613508650.7971292 2021-02-17 00:20:50,797
INFO <Response status_code=200, "application/json"> 2021-02-17 00:20:50,997
INFO admin 2021-02-17 00:20:50,997
INFO "GET /recent-reports/ HTTP/1.1" 200 2258 2021-02-17 00:20:50,998
INFO 1613508669.7149355 2021-02-17 00:21:09,714
INFO <Response status_code=200, "application/json"> 2021-02-17 00:21:09,836
INFO admin 2021-02-17 00:21:09,836
INFO "GET /recent-reports/ HTTP/1.1" 200 2258 2021-02-17 00:21:09,837
INFO 1613508673.2402854 2021-02-17 00:21:13,240
INFO <Response status_code=200, "application/json"> 2021-02-17 00:21:13,364
INFO admin 2021-02-17 00:21:13,364
INFO "GET /recent-reports/ HTTP/1.1" 200 2258 2021-02-17 00:21:13,365
INFO 1613508680.5389767 2021-02-17 00:21:20,538
INFO <Response status_code=200, "application/json"> 2021-02-17 00:21:20,585
INFO admin 2021-02-17 00:21:20,585
INFO "GET /patient-info/19 HTTP/1.1" 200 140 2021-02-17 00:21:20,585
INFO 1613508683.1004527 2021-02-17 00:21:23,100
INFO <Response status_code=200, "application/json"> 2021-02-17 00:21:23,331
INFO admin 2021-02-17 00:21:23,331
INFO "GET /recent-reports/ HTTP/1.1" 200 2258 2021-02-17 00:21:23,332
INFO 1613508686.5302582 2021-02-17 00:21:26,530
INFO <Response status_code=200, "application/json"> 2021-02-17 00:21:26,578
INFO admin 2021-02-17 00:21:26,578
INFO "GET /patient-info/19 HTTP/1.1" 200 140 2021-02-17 00:21:26,579
INFO b'{"firstName":"\xd9\x81\xd8\xb1\xd8\xb4\xdb\x8c\xd8\xaf","lastName":"\xd9\x85\xd8\xad\xd9\x85\xd8\xaf\xdb\x8c","phoneNumber":"093625947","nationalCode":"521465874","birthDate":"2021-02-20","symptoms":["\xd8\xb3\xd8\xb1 \xd8\xaf\xd8\xb1\xd8\xaf"],"patientStatus":"\xd8\xb9\xd8\xa7\xd8\xaf\xdb\x8c","diseaseStatus":"\xd9\x85\xd8\xb4\xda\xa9\xd9\x88\xda\xa9 \xd8\xa8\xd9\x87 \xda\xa9\xd8\xb1\xd9\x88\xd9\x86\xd8\xa7"}' 2021-02-17 00:21:33,782
INFO 1613508693.7824814 2021-02-17 00:21:33,782
INFO <Response status_code=200, "application/json"> 2021-02-17 00:21:33,883
INFO admin 2021-02-17 00:21:33,883
INFO "POST /edit-report/19 HTTP/1.1" 200 255 2021-02-17 00:21:33,883
INFO 1613508739.3984325 2021-02-17 00:22:19,398
INFO <Response status_code=200, "application/json"> 2021-02-17 00:22:19,528
INFO admin 2021-02-17 00:22:19,528
INFO "GET /recent-reports/ HTTP/1.1" 200 2259 2021-02-17 00:22:19,528
INFO "OPTIONS /add-connection/11 HTTP/1.1" 200 0 2021-02-17 00:22:42,354
INFO b'{"phoneNumber":"09321647996","email":"sa_mmr@yahoo.com"}' 2021-02-17 00:22:42,358
INFO 1613508762.359227 2021-02-17 00:22:42,359
INFO <Response status_code=200, "application/json"> 2021-02-17 00:22:42,413
INFO admin 2021-02-17 00:22:42,413
INFO "POST /add-connection/11 HTTP/1.1" 200 13 2021-02-17 00:22:42,413
INFO 1613508805.2611756 2021-02-17 00:23:25,261
INFO <Response status_code=200, "application/json"> 2021-02-17 00:23:25,522
INFO admin 2021-02-17 00:23:25,523
INFO "GET /recent-reports/ HTTP/1.1" 200 2259 2021-02-17 00:23:25,528
INFO "OPTIONS /add-connection/12 HTTP/1.1" 200 0 2021-02-17 00:23:36,680
INFO b'{"phoneNumber":"09321647996","email":"sa_mmr@yahoo.com"}' 2021-02-17 00:23:36,685
INFO 1613508816.6855507 2021-02-17 00:23:36,685
INFO <Response status_code=500, "application/json"> 2021-02-17 00:23:40,216
INFO admin 2021-02-17 00:23:40,216
ERROR Internal Server Error: /add-connection/12 2021-02-17 00:23:40,216
ERROR "POST /add-connection/12 HTTP/1.1" 500 17 2021-02-17 00:23:40,217
INFO 1613508854.7045083 2021-02-17 00:24:14,704
INFO <Response status_code=200, "application/json"> 2021-02-17 00:24:14,887
INFO admin 2021-02-17 00:24:14,887
INFO "GET /recent-reports/ HTTP/1.1" 200 2259 2021-02-17 00:24:14,887
INFO 1613508863.788365 2021-02-17 00:24:23,788
INFO <Response status_code=200, "application/json"> 2021-02-17 00:24:23,973
INFO admin 2021-02-17 00:24:23,973
INFO "GET /recent-reports/ HTTP/1.1" 200 2259 2021-02-17 00:24:23,974
INFO 1613508909.8891444 2021-02-17 00:25:09,889
INFO <Response status_code=200, "application/json"> 2021-02-17 00:25:10,137
INFO admin 2021-02-17 00:25:10,137
INFO "GET /recent-reports/ HTTP/1.1" 200 2259 2021-02-17 00:25:10,137
INFO "OPTIONS /logout/ HTTP/1.1" 200 0 2021-02-17 00:25:11,022
INFO 1613508911.0422742 2021-02-17 00:25:11,042
INFO <Response status_code=200, "application/json"> 2021-02-17 00:25:11,109
INFO AnonymousUser 2021-02-17 00:25:11,109
INFO "GET /logout/ HTTP/1.1" 200 34 2021-02-17 00:25:11,110
INFO b'{"user":"admin","pass":"admin"}' 2021-02-17 00:33:23,336
INFO 1613509403.3360965 2021-02-17 00:33:23,336
INFO <Response status_code=200, "application/json"> 2021-02-17 00:33:23,566
INFO AnonymousUser 2021-02-17 00:33:23,566
INFO "POST /login/ HTTP/1.1" 200 64 2021-02-17 00:33:23,567
INFO 1613509403.7276182 2021-02-17 00:33:23,727
INFO <Response status_code=200, "application/json"> 2021-02-17 00:33:23,804
INFO admin 2021-02-17 00:33:23,805
INFO "GET /get-user-info/ HTTP/1.1" 200 46 2021-02-17 00:33:23,805
INFO 1613509410.504033 2021-02-17 00:33:30,504
INFO <Response status_code=200, "application/json"> 2021-02-17 00:33:30,660
INFO admin 2021-02-17 00:33:30,660
INFO "GET /recent-reports/ HTTP/1.1" 200 2259 2021-02-17 00:33:30,661
INFO 1613509412.6774943 2021-02-17 00:33:32,677
INFO <Response status_code=200, "application/json"> 2021-02-17 00:33:32,808
INFO admin 2021-02-17 00:33:32,808
INFO "GET /recent-reports/ HTTP/1.1" 200 2259 2021-02-17 00:33:32,809
INFO 1613509413.2595544 2021-02-17 00:33:33,259
INFO <Response status_code=200, "application/json"> 2021-02-17 00:33:33,420
INFO admin 2021-02-17 00:33:33,420
INFO "GET /recent-reports/ HTTP/1.1" 200 2259 2021-02-17 00:33:33,421
INFO 1613509419.3251567 2021-02-17 00:33:39,325
INFO <Response status_code=200, "application/json"> 2021-02-17 00:33:39,479
INFO admin 2021-02-17 00:33:39,480
INFO "GET /recent-reports/ HTTP/1.1" 200 2259 2021-02-17 00:33:39,480
INFO 1613509419.9613364 2021-02-17 00:33:39,961
INFO <Response status_code=200, "application/json"> 2021-02-17 00:33:40,106
INFO admin 2021-02-17 00:33:40,106
INFO "GET /recent-reports/ HTTP/1.1" 200 2259 2021-02-17 00:33:40,107
INFO 1613509420.2401426 2021-02-17 00:33:40,240
INFO <Response status_code=200, "application/json"> 2021-02-17 00:33:40,492
INFO admin 2021-02-17 00:33:40,493
INFO "GET /recent-reports/ HTTP/1.1" 200 2259 2021-02-17 00:33:40,493
INFO 1613509420.4984806 2021-02-17 00:33:40,498
INFO <Response status_code=200, "application/json"> 2021-02-17 00:33:40,646
INFO admin 2021-02-17 00:33:40,646
INFO "GET /recent-reports/ HTTP/1.1" 200 2259 2021-02-17 00:33:40,646
INFO 1613509421.0206132 2021-02-17 00:33:41,020
INFO <Response status_code=200, "application/json"> 2021-02-17 00:33:41,174
INFO admin 2021-02-17 00:33:41,174
INFO "GET /recent-reports/ HTTP/1.1" 200 2259 2021-02-17 00:33:41,175
INFO 1613509421.3007755 2021-02-17 00:33:41,300
INFO <Response status_code=200, "application/json"> 2021-02-17 00:33:41,439
INFO admin 2021-02-17 00:33:41,439
INFO "GET /recent-reports/ HTTP/1.1" 200 2259 2021-02-17 00:33:41,440
INFO 1613509421.5814354 2021-02-17 00:33:41,581
INFO <Response status_code=200, "application/json"> 2021-02-17 00:33:41,714
INFO admin 2021-02-17 00:33:41,714
INFO "GET /recent-reports/ HTTP/1.1" 200 2259 2021-02-17 00:33:41,714
INFO 1613509427.2713885 2021-02-17 00:33:47,271
INFO <Response status_code=200, "application/json"> 2021-02-17 00:33:47,412
INFO admin 2021-02-17 00:33:47,412
INFO "GET /recent-reports/ HTTP/1.1" 200 2259 2021-02-17 00:33:47,412
INFO 1613509960.9875417 2021-02-17 00:42:40,987
INFO <Response status_code=200, "application/json"> 2021-02-17 00:42:41,272
INFO admin 2021-02-17 00:42:41,272
INFO "GET /recent-reports/ HTTP/1.1" 200 2259 2021-02-17 00:42:41,273
INFO 1613510258.8132021 2021-02-17 00:47:38,814
INFO <Response status_code=200, "application/json"> 2021-02-17 00:47:38,953
INFO admin 2021-02-17 00:47:38,953
INFO "GET /recent-reports/ HTTP/1.1" 200 2259 2021-02-17 00:47:38,954
INFO 1613510468.9300206 2021-02-17 00:51:08,930
INFO <Response status_code=200, "application/json"> 2021-02-17 00:51:09,098
INFO AnonymousUser 2021-02-17 00:51:09,098
INFO "GET /logout/ HTTP/1.1" 200 34 2021-02-17 00:51:09,098
INFO b'{"user":"asdmin","pass":"admin"}' 2021-02-17 00:54:23,371
INFO 1613510663.3710303 2021-02-17 00:54:23,371
INFO <Response status_code=401, "application/json"> 2021-02-17 00:54:23,570
INFO AnonymousUser 2021-02-17 00:54:23,570
WARNING Unauthorized: /login/ 2021-02-17 00:54:23,570
WARNING "POST /login/ HTTP/1.1" 401 40 2021-02-17 00:54:23,570
INFO 1613510663.5815067 2021-02-17 00:54:23,581
INFO <Response status_code=401, "application/json"> 2021-02-17 00:54:23,582
INFO AnonymousUser 2021-02-17 00:54:23,582
WARNING Unauthorized: /logout/ 2021-02-17 00:54:23,582
WARNING "GET /logout/ HTTP/1.1" 401 58 2021-02-17 00:54:23,583
INFO 1613510663.7570107 2021-02-17 00:54:23,757
INFO <Response status_code=401, "application/json"> 2021-02-17 00:54:23,762
INFO AnonymousUser 2021-02-17 00:54:23,764
WARNING Unauthorized: /logout/ 2021-02-17 00:54:23,764
WARNING "GET /logout/ HTTP/1.1" 401 58 2021-02-17 00:54:23,765
INFO b'{"user":"admin","pass":"admin"}' 2021-02-17 00:54:36,487
INFO 1613510676.4871242 2021-02-17 00:54:36,487
INFO <Response status_code=200, "application/json"> 2021-02-17 00:54:36,695
INFO AnonymousUser 2021-02-17 00:54:36,695
INFO "POST /login/ HTTP/1.1" 200 64 2021-02-17 00:54:36,695
INFO 1613510676.8649075 2021-02-17 00:54:36,864
INFO <Response status_code=200, "application/json"> 2021-02-17 00:54:36,957
INFO admin 2021-02-17 00:54:36,957
INFO "GET /get-user-info/ HTTP/1.1" 200 46 2021-02-17 00:54:36,958
INFO 1613510723.194735 2021-02-17 00:55:23,194
INFO <Response status_code=200, "application/json"> 2021-02-17 00:55:23,328
INFO admin 2021-02-17 00:55:23,329
INFO "GET /recent-reports/ HTTP/1.1" 200 2259 2021-02-17 00:55:23,329
INFO "OPTIONS /patient-info/3 HTTP/1.1" 200 0 2021-02-17 00:55:24,894
INFO 1613510724.9008052 2021-02-17 00:55:24,900
INFO <Response status_code=200, "application/json"> 2021-02-17 00:55:24,945
INFO admin 2021-02-17 00:55:24,945
INFO "GET /patient-info/3 HTTP/1.1" 200 143 2021-02-17 00:55:24,945
INFO 1613510728.3345218 2021-02-17 00:55:28,335
INFO <Response status_code=200, "application/json"> 2021-02-17 00:55:28,621
INFO admin 2021-02-17 00:55:28,621
INFO "GET /recent-reports/ HTTP/1.1" 200 2259 2021-02-17 00:55:28,622
INFO 1613510730.2092485 2021-02-17 00:55:30,209
INFO <Response status_code=200, "application/json"> 2021-02-17 00:55:30,265
INFO admin 2021-02-17 00:55:30,265
INFO "GET /patient-info/3 HTTP/1.1" 200 143 2021-02-17 00:55:30,266
INFO 1613510914.4840574 2021-02-17 00:58:34,484
INFO 1613510914.488048 2021-02-17 00:58:34,489
INFO <Response status_code=200, "application/json"> 2021-02-17 00:58:34,532
INFO admin 2021-02-17 00:58:34,533
INFO "GET /patient-info/3 HTTP/1.1" 200 143 2021-02-17 00:58:34,533
INFO <Response status_code=200, "application/json"> 2021-02-17 00:58:34,638
INFO admin 2021-02-17 00:58:34,638
INFO "GET /get-user-info/ HTTP/1.1" 200 46 2021-02-17 00:58:34,639
INFO 1613510924.5661216 2021-02-17 00:58:44,566
INFO <Response status_code=200, "application/json"> 2021-02-17 00:58:44,710
INFO admin 2021-02-17 00:58:44,710
INFO "GET /recent-reports/ HTTP/1.1" 200 2259 2021-02-17 00:58:44,711
INFO 1613510924.8613424 2021-02-17 00:58:44,862
INFO <Response status_code=200, "application/json"> 2021-02-17 00:58:45,044
INFO admin 2021-02-17 00:58:45,044
INFO "GET /recent-reports/ HTTP/1.1" 200 2259 2021-02-17 00:58:45,045
INFO 1613510925.802724 2021-02-17 00:58:45,802
INFO <Response status_code=200, "application/json"> 2021-02-17 00:58:45,864
INFO AnonymousUser 2021-02-17 00:58:45,865
INFO "GET /logout/ HTTP/1.1" 200 34 2021-02-17 00:58:45,865
INFO b'{"user":"admin","pass":"admin"}' 2021-02-17 00:59:34,603
INFO 1613510974.6032665 2021-02-17 00:59:34,603
INFO <Response status_code=200, "application/json"> 2021-02-17 00:59:34,806
INFO AnonymousUser 2021-02-17 00:59:34,806
INFO "POST /login/ HTTP/1.1" 200 64 2021-02-17 00:59:34,806
INFO 1613510974.9639547 2021-02-17 00:59:34,963
INFO <Response status_code=200, "application/json"> 2021-02-17 00:59:35,034
INFO admin 2021-02-17 00:59:35,034
INFO "GET /get-user-info/ HTTP/1.1" 200 46 2021-02-17 00:59:35,034
INFO 1613510982.8182013 2021-02-17 00:59:42,818
INFO <Response status_code=200, "application/json"> 2021-02-17 00:59:42,953
INFO admin 2021-02-17 00:59:42,953
INFO "GET /recent-reports/ HTTP/1.1" 200 2259 2021-02-17 00:59:42,954
INFO 1613510983.5623298 2021-02-17 00:59:43,562
INFO <Response status_code=200, "application/json"> 2021-02-17 00:59:43,687
INFO admin 2021-02-17 00:59:43,687
INFO "GET /recent-reports/ HTTP/1.1" 200 2259 2021-02-17 00:59:43,688
INFO 1613510987.3231962 2021-02-17 00:59:47,323
INFO <Response status_code=200, "application/json"> 2021-02-17 00:59:47,566
INFO admin 2021-02-17 00:59:47,566
INFO "GET /recent-reports/ HTTP/1.1" 200 2259 2021-02-17 00:59:47,567
INFO 1613510988.8720558 2021-02-17 00:59:48,872
INFO <Response status_code=200, "application/json"> 2021-02-17 00:59:48,995
INFO admin 2021-02-17 00:59:48,995
INFO "GET /recent-reports/ HTTP/1.1" 200 2259 2021-02-17 00:59:48,995
INFO 1613511023.6097226 2021-02-17 01:00:23,609
INFO <Response status_code=200, "application/json"> 2021-02-17 01:00:23,841
INFO admin 2021-02-17 01:00:23,843
INFO "GET /recent-reports/ HTTP/1.1" 200 2259 2021-02-17 01:00:23,846
